/home/aswini/miniconda3/lib/python3.8/site-packages/transformers/tokenization_utils_base.py:1617: FutureWarning: `clean_up_tokenization_spaces` was not set. It will be set to `True` by default. This behavior will be deprecated in transformers v4.45, and will be then set to `False` by default. For more details check this issue: https://github.com/huggingface/transformers/issues/31884
  warnings.warn(
Truncation was not explicitly activated but `max_length` is provided a specific value, please use `truncation=True` to explicitly truncate examples to max length. Defaulting to 'longest_first' truncation strategy. If you encode pairs of sequences (GLUE-style) with the tokenizer you can select this strategy more precisely by providing a specific strategy to `truncation`.
/home/aswini/miniconda3/lib/python3.8/site-packages/transformers/tokenization_utils_base.py:2837: FutureWarning: The `pad_to_max_length` argument is deprecated and will be removed in a future version, use `padding=True` or `padding='longest'` to pad to the longest sequence in the batch, or use `padding='max_length'` to pad to a max length. In this case, you can give a specific length with `max_length` (e.g. `max_length=45`) or leave max_length to None to pad to the maximal input size of the model (e.g. 512 for Bert).
  warnings.warn(
Some weights of RobertaForSequenceClassification were not initialized from the model checkpoint at /home/models/roberta-large and are newly initialized: ['classifier.dense.bias', 'classifier.dense.weight', 'classifier.out_proj.bias', 'classifier.out_proj.weight']
You should probably TRAIN this model on a down-stream task to be able to use it for predictions and inference.
/home/aswini/miniconda3/lib/python3.8/site-packages/transformers/optimization.py:591: FutureWarning: This implementation of AdamW is deprecated and will be removed in a future version. Use the PyTorch implementation torch.optim.AdamW instead, or set `no_deprecation_warning=True` to disable this warning
  warnings.warn(
/home/aswini/miniconda3/lib/python3.8/site-packages/transformers/tokenization_utils_base.py:1617: FutureWarning: `clean_up_tokenization_spaces` was not set. It will be set to `True` by default. This behavior will be deprecated in transformers v4.45, and will be then set to `False` by default. For more details check this issue: https://github.com/huggingface/transformers/issues/31884
  warnings.warn(
Some weights of RobertaForSequenceClassification were not initialized from the model checkpoint at /home/models/roberta-large and are newly initialized: ['classifier.dense.bias', 'classifier.dense.weight', 'classifier.out_proj.bias', 'classifier.out_proj.weight']
You should probably TRAIN this model on a down-stream task to be able to use it for predictions and inference.
/home/aswini/miniconda3/lib/python3.8/site-packages/transformers/optimization.py:591: FutureWarning: This implementation of AdamW is deprecated and will be removed in a future version. Use the PyTorch implementation torch.optim.AdamW instead, or set `no_deprecation_warning=True` to disable this warning
  warnings.warn(
/home/aswini/miniconda3/lib/python3.8/site-packages/transformers/tokenization_utils_base.py:1617: FutureWarning: `clean_up_tokenization_spaces` was not set. It will be set to `True` by default. This behavior will be deprecated in transformers v4.45, and will be then set to `False` by default. For more details check this issue: https://github.com/huggingface/transformers/issues/31884
  warnings.warn(
Some weights of RobertaForSequenceClassification were not initialized from the model checkpoint at /home/models/roberta-large and are newly initialized: ['classifier.dense.bias', 'classifier.dense.weight', 'classifier.out_proj.bias', 'classifier.out_proj.weight']
You should probably TRAIN this model on a down-stream task to be able to use it for predictions and inference.
/home/aswini/miniconda3/lib/python3.8/site-packages/transformers/optimization.py:591: FutureWarning: This implementation of AdamW is deprecated and will be removed in a future version. Use the PyTorch implementation torch.optim.AdamW instead, or set `no_deprecation_warning=True` to disable this warning
  warnings.warn(
/home/aswini/miniconda3/lib/python3.8/site-packages/transformers/tokenization_utils_base.py:1617: FutureWarning: `clean_up_tokenization_spaces` was not set. It will be set to `True` by default. This behavior will be deprecated in transformers v4.45, and will be then set to `False` by default. For more details check this issue: https://github.com/huggingface/transformers/issues/31884
  warnings.warn(
Some weights of RobertaForSequenceClassification were not initialized from the model checkpoint at /home/models/roberta-large and are newly initialized: ['classifier.dense.bias', 'classifier.dense.weight', 'classifier.out_proj.bias', 'classifier.out_proj.weight']
You should probably TRAIN this model on a down-stream task to be able to use it for predictions and inference.
/home/aswini/miniconda3/lib/python3.8/site-packages/transformers/optimization.py:591: FutureWarning: This implementation of AdamW is deprecated and will be removed in a future version. Use the PyTorch implementation torch.optim.AdamW instead, or set `no_deprecation_warning=True` to disable this warning
  warnings.warn(
/home/aswini/miniconda3/lib/python3.8/site-packages/transformers/tokenization_utils_base.py:1617: FutureWarning: `clean_up_tokenization_spaces` was not set. It will be set to `True` by default. This behavior will be deprecated in transformers v4.45, and will be then set to `False` by default. For more details check this issue: https://github.com/huggingface/transformers/issues/31884
  warnings.warn(
Some weights of RobertaForSequenceClassification were not initialized from the model checkpoint at /home/models/roberta-large and are newly initialized: ['classifier.dense.bias', 'classifier.dense.weight', 'classifier.out_proj.bias', 'classifier.out_proj.weight']
You should probably TRAIN this model on a down-stream task to be able to use it for predictions and inference.
/home/aswini/miniconda3/lib/python3.8/site-packages/transformers/optimization.py:591: FutureWarning: This implementation of AdamW is deprecated and will be removed in a future version. Use the PyTorch implementation torch.optim.AdamW instead, or set `no_deprecation_warning=True` to disable this warning
  warnings.warn(
/home/aswini/miniconda3/lib/python3.8/site-packages/transformers/tokenization_utils_base.py:1617: FutureWarning: `clean_up_tokenization_spaces` was not set. It will be set to `True` by default. This behavior will be deprecated in transformers v4.45, and will be then set to `False` by default. For more details check this issue: https://github.com/huggingface/transformers/issues/31884
  warnings.warn(
Some weights of RobertaForSequenceClassification were not initialized from the model checkpoint at /home/models/roberta-large and are newly initialized: ['classifier.dense.bias', 'classifier.dense.weight', 'classifier.out_proj.bias', 'classifier.out_proj.weight']
You should probably TRAIN this model on a down-stream task to be able to use it for predictions and inference.
/home/aswini/miniconda3/lib/python3.8/site-packages/transformers/optimization.py:591: FutureWarning: This implementation of AdamW is deprecated and will be removed in a future version. Use the PyTorch implementation torch.optim.AdamW instead, or set `no_deprecation_warning=True` to disable this warning
  warnings.warn(
/home/aswini/miniconda3/lib/python3.8/site-packages/transformers/tokenization_utils_base.py:1617: FutureWarning: `clean_up_tokenization_spaces` was not set. It will be set to `True` by default. This behavior will be deprecated in transformers v4.45, and will be then set to `False` by default. For more details check this issue: https://github.com/huggingface/transformers/issues/31884
  warnings.warn(
Some weights of RobertaForSequenceClassification were not initialized from the model checkpoint at /home/models/roberta-large and are newly initialized: ['classifier.dense.bias', 'classifier.dense.weight', 'classifier.out_proj.bias', 'classifier.out_proj.weight']
You should probably TRAIN this model on a down-stream task to be able to use it for predictions and inference.
/home/aswini/miniconda3/lib/python3.8/site-packages/transformers/optimization.py:591: FutureWarning: This implementation of AdamW is deprecated and will be removed in a future version. Use the PyTorch implementation torch.optim.AdamW instead, or set `no_deprecation_warning=True` to disable this warning
  warnings.warn(
/home/aswini/miniconda3/lib/python3.8/site-packages/transformers/tokenization_utils_base.py:1617: FutureWarning: `clean_up_tokenization_spaces` was not set. It will be set to `True` by default. This behavior will be deprecated in transformers v4.45, and will be then set to `False` by default. For more details check this issue: https://github.com/huggingface/transformers/issues/31884
  warnings.warn(
Some weights of RobertaForSequenceClassification were not initialized from the model checkpoint at /home/models/roberta-large and are newly initialized: ['classifier.dense.bias', 'classifier.dense.weight', 'classifier.out_proj.bias', 'classifier.out_proj.weight']
You should probably TRAIN this model on a down-stream task to be able to use it for predictions and inference.
/home/aswini/miniconda3/lib/python3.8/site-packages/transformers/optimization.py:591: FutureWarning: This implementation of AdamW is deprecated and will be removed in a future version. Use the PyTorch implementation torch.optim.AdamW instead, or set `no_deprecation_warning=True` to disable this warning
  warnings.warn(
/home/aswini/miniconda3/lib/python3.8/site-packages/transformers/tokenization_utils_base.py:1617: FutureWarning: `clean_up_tokenization_spaces` was not set. It will be set to `True` by default. This behavior will be deprecated in transformers v4.45, and will be then set to `False` by default. For more details check this issue: https://github.com/huggingface/transformers/issues/31884
  warnings.warn(
Some weights of RobertaForSequenceClassification were not initialized from the model checkpoint at /home/models/roberta-large and are newly initialized: ['classifier.dense.bias', 'classifier.dense.weight', 'classifier.out_proj.bias', 'classifier.out_proj.weight']
You should probably TRAIN this model on a down-stream task to be able to use it for predictions and inference.
/home/aswini/miniconda3/lib/python3.8/site-packages/transformers/optimization.py:591: FutureWarning: This implementation of AdamW is deprecated and will be removed in a future version. Use the PyTorch implementation torch.optim.AdamW instead, or set `no_deprecation_warning=True` to disable this warning
  warnings.warn(
/home/aswini/miniconda3/lib/python3.8/site-packages/transformers/tokenization_utils_base.py:1617: FutureWarning: `clean_up_tokenization_spaces` was not set. It will be set to `True` by default. This behavior will be deprecated in transformers v4.45, and will be then set to `False` by default. For more details check this issue: https://github.com/huggingface/transformers/issues/31884
  warnings.warn(
Some weights of RobertaForSequenceClassification were not initialized from the model checkpoint at /home/models/roberta-large and are newly initialized: ['classifier.dense.bias', 'classifier.dense.weight', 'classifier.out_proj.bias', 'classifier.out_proj.weight']
You should probably TRAIN this model on a down-stream task to be able to use it for predictions and inference.
Tokenization done!!
#########################
### FOLD 1
#########################

======== Epoch 1 / 2 ========
Training...
  Batch    40  of    135.    Elapsed: 0:00:24.
  Batch    80  of    135.    Elapsed: 0:00:48.
  Batch   120  of    135.    Elapsed: 0:01:13.

  Average training loss: 0.54
  Training epcoh took: 0:01:21

Running Validation...
  Accuracy: 0.94
  F1 score: 0.93
  Validation Loss: 0.17
  Validation took: 0:00:03

======== Epoch 2 / 2 ========
Training...
  Batch    40  of    135.    Elapsed: 0:00:24.
  Batch    80  of    135.    Elapsed: 0:00:49.
  Batch   120  of    135.    Elapsed: 0:01:14.

  Average training loss: 0.15
  Training epcoh took: 0:01:23

Running Validation...
  Accuracy: 0.96
  F1 score: 0.96
  Validation Loss: 0.10
  Validation took: 0:00:03

Training complete!
Total training took 0:02:51 (h:mm:ss)
#########################
### FOLD 2
#########################

======== Epoch 1 / 2 ========
Training...
  Batch    40  of    135.    Elapsed: 0:00:25.
  Batch    80  of    135.    Elapsed: 0:00:50.
  Batch   120  of    135.    Elapsed: 0:01:15.

  Average training loss: 0.53
  Training epcoh took: 0:01:24

Running Validation...
  Accuracy: 0.95
  F1 score: 0.95
  Validation Loss: 0.15
  Validation took: 0:00:03

======== Epoch 2 / 2 ========
Training...
  Batch    40  of    135.    Elapsed: 0:00:25.
  Batch    80  of    135.    Elapsed: 0:00:51.
  Batch   120  of    135.    Elapsed: 0:01:16.

  Average training loss: 0.12
  Training epcoh took: 0:01:25

Running Validation...
  Accuracy: 0.95
  F1 score: 0.95
  Validation Loss: 0.13
  Validation took: 0:00:03

Training complete!
Total training took 0:02:55 (h:mm:ss)
#########################
### FOLD 3
#########################

======== Epoch 1 / 2 ========
Training...
  Batch    40  of    135.    Elapsed: 0:00:25.
  Batch    80  of    135.    Elapsed: 0:00:50.
  Batch   120  of    135.    Elapsed: 0:01:16.

  Average training loss: 0.57
  Training epcoh took: 0:01:25

Running Validation...
  Accuracy: 0.93
  F1 score: 0.92
  Validation Loss: 0.18
  Validation took: 0:00:03

======== Epoch 2 / 2 ========
Training...
  Batch    40  of    135.    Elapsed: 0:00:25.
  Batch    80  of    135.    Elapsed: 0:00:50.
  Batch   120  of    135.    Elapsed: 0:01:16.

  Average training loss: 0.16
  Training epcoh took: 0:01:25

Running Validation...
  Accuracy: 0.96
  F1 score: 0.95
  Validation Loss: 0.10
  Validation took: 0:00:03

Training complete!
Total training took 0:02:56 (h:mm:ss)
#########################
### FOLD 4
#########################

======== Epoch 1 / 2 ========
Training...
  Batch    40  of    135.    Elapsed: 0:00:25.
  Batch    80  of    135.    Elapsed: 0:00:51.
  Batch   120  of    135.    Elapsed: 0:01:16.

  Average training loss: 0.52
  Training epcoh took: 0:01:25

Running Validation...
  Accuracy: 0.91
  F1 score: 0.91
  Validation Loss: 0.19
  Validation took: 0:00:03

======== Epoch 2 / 2 ========
Training...
  Batch    40  of    135.    Elapsed: 0:00:25.
  Batch    80  of    135.    Elapsed: 0:00:51.
  Batch   120  of    135.    Elapsed: 0:01:16.

  Average training loss: 0.12
  Training epcoh took: 0:01:25

Running Validation...
  Accuracy: 0.92
  F1 score: 0.92
  Validation Loss: 0.17
  Validation took: 0:00:03

Training complete!
Total training took 0:02:57 (h:mm:ss)
#########################
### FOLD 5
#########################

======== Epoch 1 / 2 ========
Training...
  Batch    40  of    135.    Elapsed: 0:00:25.
  Batch    80  of    135.    Elapsed: 0:00:51.
  Batch   120  of    135.    Elapsed: 0:01:16.

  Average training loss: 0.55
  Training epcoh took: 0:01:25

Running Validation...
  Accuracy: 0.91
  F1 score: 0.91
  Validation Loss: 0.21
  Validation took: 0:00:03

======== Epoch 2 / 2 ========
Training...
  Batch    40  of    135.    Elapsed: 0:00:25.
  Batch    80  of    135.    Elapsed: 0:00:51.
  Batch   120  of    135.    Elapsed: 0:01:16.

  Average training loss: 0.14
  Training epcoh took: 0:01:25

Running Validation...
  Accuracy: 0.94
  F1 score: 0.95
  Validation Loss: 0.14
  Validation took: 0:00:03

Training complete!
Total training took 0:02:57 (h:mm:ss)
#########################
### FOLD 6
#########################

======== Epoch 1 / 2 ========
Training...
  Batch    40  of    135.    Elapsed: 0:00:25.
  Batch    80  of    135.    Elapsed: 0:00:50.
  Batch   120  of    135.    Elapsed: 0:01:16.

  Average training loss: 0.56
  Training epcoh took: 0:01:24

Running Validation...
  Accuracy: 0.93
  F1 score: 0.93
  Validation Loss: 0.19
  Validation took: 0:00:03

======== Epoch 2 / 2 ========
Training...
  Batch    40  of    135.    Elapsed: 0:00:25.
  Batch    80  of    135.    Elapsed: 0:00:51.
  Batch   120  of    135.    Elapsed: 0:01:16.

  Average training loss: 0.14
  Training epcoh took: 0:01:25

Running Validation...
  Accuracy: 0.92
  F1 score: 0.93
  Validation Loss: 0.20
  Validation took: 0:00:03

Training complete!
Total training took 0:02:56 (h:mm:ss)
#########################
### FOLD 7
#########################

======== Epoch 1 / 2 ========
Training...
  Batch    40  of    135.    Elapsed: 0:00:25.
  Batch    80  of    135.    Elapsed: 0:00:51.
  Batch   120  of    135.    Elapsed: 0:01:16.

  Average training loss: 0.61
  Training epcoh took: 0:01:25

Running Validation...
  Accuracy: 0.94
  F1 score: 0.93
  Validation Loss: 0.24
  Validation took: 0:00:03

======== Epoch 2 / 2 ========
Training...
  Batch    40  of    135.    Elapsed: 0:00:25.
  Batch    80  of    135.    Elapsed: 0:00:51.
  Batch   120  of    135.    Elapsed: 0:01:16.

  Average training loss: 0.19
  Training epcoh took: 0:01:25

Running Validation...
  Accuracy: 0.96
  F1 score: 0.96
  Validation Loss: 0.10
  Validation took: 0:00:03

Training complete!
Total training took 0:02:57 (h:mm:ss)
#########################
### FOLD 8
#########################

======== Epoch 1 / 2 ========
Training...
  Batch    40  of    135.    Elapsed: 0:00:25.
  Batch    80  of    135.    Elapsed: 0:00:50.
  Batch   120  of    135.    Elapsed: 0:01:16.

  Average training loss: 0.57
  Training epcoh took: 0:01:25

Running Validation...
  Accuracy: 0.92
  F1 score: 0.91
  Validation Loss: 0.20
  Validation took: 0:00:03

======== Epoch 2 / 2 ========
Training...
  Batch    40  of    135.    Elapsed: 0:00:25.
  Batch    80  of    135.    Elapsed: 0:00:51.
  Batch   120  of    135.    Elapsed: 0:01:16.

  Average training loss: 0.17
  Training epcoh took: 0:01:25

Running Validation...
  Accuracy: 0.95
  F1 score: 0.94
  Validation Loss: 0.13
  Validation took: 0:00:03

Training complete!
Total training took 0:02:57 (h:mm:ss)
#########################
### FOLD 9
#########################

======== Epoch 1 / 2 ========
Training...
  Batch    40  of    135.    Elapsed: 0:00:25.
  Batch    80  of    135.    Elapsed: 0:00:51.
  Batch   120  of    135.    Elapsed: 0:01:16.

  Average training loss: 0.54
  Training epcoh took: 0:01:25

Running Validation...
  Accuracy: 0.93
  F1 score: 0.93
  Validation Loss: 0.19
  Validation took: 0:00:03

======== Epoch 2 / 2 ========
Training...
  Batch    40  of    135.    Elapsed: 0:00:26.
  Batch    80  of    135.    Elapsed: 0:00:51.
  Batch   120  of    135.    Elapsed: 0:01:16.

  Average training loss: 0.14
  Training epcoh took: 0:01:25

Running Validation...
  Accuracy: 0.95
  F1 score: 0.95
  Validation Loss: 0.12
  Validation took: 0:00:03

Training complete!
Total training took 0:02:58 (h:mm:ss)
#########################
### FOLD 10
#########################

======== Epoch 1 / 2 ========
Training...
  Batch    40  of    135.    Elapsed: 0:00:26.
  Batch    80  of    135.    Elapsed: 0:00:51.
  Batch   120  of    135.    Elapsed: 0:01:16.

  Average training loss: 0.55
  Training epcoh took: 0:01:25

Running Validation...
  Accuracy: 0.93
  F1 score: 0.92
  Validation Loss: 0.17
  Validation took: 0:00:03

======== Epoch 2 / 2 ========
Training...
  Batch    40  of    135.    Elapsed: 0:00:25.
  Batch    80  of    135.    Elapsed: 0:00:49.
  Batch   120  of    135.    Elapsed: 0:01:14.

  Average training loss: 0.16
  Training epcoh took: 0:01:23

Running Validation...
  Accuracy: 0.95
/home/aswini/miniconda3/lib/python3.8/site-packages/transformers/optimization.py:591: FutureWarning: This implementation of AdamW is deprecated and will be removed in a future version. Use the PyTorch implementation torch.optim.AdamW instead, or set `no_deprecation_warning=True` to disable this warning
  warnings.warn(
/home/aswini/miniconda3/lib/python3.8/site-packages/transformers/tokenization_utils_base.py:1617: FutureWarning: `clean_up_tokenization_spaces` was not set. It will be set to `True` by default. This behavior will be deprecated in transformers v4.45, and will be then set to `False` by default. For more details check this issue: https://github.com/huggingface/transformers/issues/31884
  warnings.warn(
  F1 score: 0.94
  Validation Loss: 0.13
  Validation took: 0:00:03

Training complete!
Total training took 0:03:21 (h:mm:ss)
Average F1 score across all folds: 0.9347
